893.0 760.0 750.0 767.0 799.0 781.0 790.0 755.0 811.0 765.0 762.0 848.0 780.0 792.0 770.0 853.0 858.0 833.0 769.0 761.0
969.0 870.0 766.0 815.0 809.0 867.0 882.0 855.0 819.0 829.0 862.0 928.0 884.0 870.0 842.0 971.0 910.0 921.0 857.0 879.0
893.0 820.0 826.0 801.0 845.0 837.0 858.0 841.0 811.0 825.0 858.0 888.0 864.0 830.0 806.0 897.0 914.0 875.0 835.0 833.0
854.0 829.0 777.0 752.0 838.0 800.0 855.0 844.0 822.0 770.0 869.0 911.0 839.0 821.0 833.0 928.0 899.0 914.0 780.0 856.0
976.0 843.0 841.0 794.0 854.0 832.0 815.0 812.0 824.0 786.0 827.0 907.0 839.0 811.0 813.0 964.0 919.0 936.0 846.0 818.0
905.0 774.0 776.0 807.0 829.0 753.0 812.0 795.0 799.0 759.0 854.0 894.0 804.0 794.0 780.0 917.0 882.0 885.0 775.0 823.0
971.0 752.0 798.0 779.0 817.0 781.0 810.0 809.0 779.0 789.0 852.0 932.0 816.0 746.0 816.0 915.0 876.0 847.0 797.0 783.0
905.0 776.0 774.0 787.0 775.0 795.0 766.0 785.0 787.0 729.0 780.0 864.0 796.0 792.0 764.0 963.0 862.0 841.0 811.0 781.0
957.0 774.0 758.0 733.0 811.0 771.0 856.0 811.0 815.0 795.0 828.0 876.0 832.0 794.0 772.0 959.0 870.0 903.0 795.0 819.0
996.0 839.0 803.0 784.0 862.0 824.0 803.0 876.0 824.0 760.0 863.0 939.0 833.0 851.0 841.0 968.0 893.0 928.0 838.0 872.0
925.0 748.0 816.0 741.0 817.0 745.0 830.0 829.0 769.0 807.0 836.0 924.0 850.0 852.0 822.0 935.0 932.0 899.0 837.0 859.0
922.0 783.0 813.0 762.0 848.0 784.0 887.0 804.0 806.0 802.0 853.0 877.0 801.0 789.0 797.0 950.0 901.0 890.0 770.0 816.0
959.0 752.0 768.0 795.0 807.0 785.0 798.0 841.0 799.0 801.0 806.0 888.0 848.0 846.0 802.0 917.0 854.0 907.0 783.0 825.0
906.0 797.0 783.0 804.0 848.0 804.0 809.0 800.0 814.0 810.0 887.0 895.0 845.0 801.0 825.0 910.0 883.0 912.0 814.0 812.0
917.0 756.0 804.0 781.0 869.0 801.0 794.0 839.0 813.0 783.0 878.0 878.0 832.0 850.0 776.0 893.0 874.0 827.0 827.0 821.0
908.0 783.0 795.0 792.0 794.0 780.0 831.0 834.0 774.0 794.0 831.0 857.0 859.0 797.0 809.0 878.0 897.0 822.0 786.0 812.0
981.0 824.0 780.0 819.0 833.0 789.0 846.0 811.0 847.0 823.0 866.0 904.0 844.0 830.0 870.0 889.0 900.0 895.0 811.0 845.0
945.0 746.0 792.0 767.0 777.0 811.0 828.0 805.0 783.0 779.0 786.0 844.0 790.0 814.0 776.0 945.0 870.0 813.0 761.0 817.0
926.0 803.0 789.0 796.0 800.0 816.0 827.0 792.0 828.0 824.0 815.0 891.0 819.0 799.0 819.0 930.0 855.0 918.0 790.0 794.0
935.0 806.0 788.0 759.0 875.0 797.0 848.0 847.0 859.0 813.0 826.0 894.0 876.0 848.0 852.0 947.0 908.0 903.0 799.0 839.0
