893.0 760.0 750.0 767.0 799.0 781.0 790.0 755.0 811.0 765.0 762.0 848.0 780.0 792.0 770.0 853.0 858.0 833.0 769.0 761.0
969.0 870.0 766.0 815.0 809.0 867.0 882.0 855.0 819.0 829.0 862.0 928.0 884.0 870.0 842.0 971.0 910.0 921.0 857.0 879.0
894.0 775.0 745.0 784.0 830.0 806.0 815.0 856.0 812.0 716.0 813.0 887.0 803.0 809.0 779.0 920.0 851.0 890.0 794.0 782.0
878.0 763.0 755.0 806.0 788.0 808.0 851.0 848.0 774.0 772.0 841.0 831.0 809.0 771.0 741.0 910.0 911.0 882.0 792.0 838.0
925.0 754.0 720.0 731.0 781.0 781.0 842.0 835.0 805.0 773.0 800.0 920.0 784.0 808.0 770.0 905.0 866.0 835.0 801.0 787.0
860.0 777.0 759.0 790.0 874.0 798.0 863.0 828.0 810.0 788.0 845.0 895.0 817.0 779.0 863.0 842.0 885.0 890.0 836.0 852.0
926.0 835.0 823.0 786.0 832.0 782.0 831.0 868.0 792.0 788.0 907.0 949.0 895.0 851.0 835.0 906.0 863.0 912.0 800.0 876.0
982.0 865.0 837.0 856.0 886.0 818.0 843.0 894.0 812.0 800.0 855.0 959.0 833.0 851.0 889.0 946.0 897.0 868.0 844.0 886.0
924.0 837.0 773.0 804.0 818.0 724.0 807.0 884.0 762.0 822.0 857.0 857.0 879.0 833.0 801.0 912.0 895.0 888.0 822.0 778.0
919.0 788.0 768.0 825.0 823.0 811.0 846.0 771.0 795.0 793.0 808.0 836.0 822.0 822.0 820.0 917.0 870.0 895.0 809.0 863.0
920.0 827.0 805.0 728.0 840.0 788.0 817.0 782.0 812.0 806.0 843.0 877.0 847.0 841.0 861.0 904.0 847.0 910.0 852.0 820.0
933.0 808.0 804.0 797.0 789.0 815.0 800.0 873.0 815.0 795.0 830.0 908.0 804.0 758.0 806.0 917.0 876.0 873.0 799.0 889.0
959.0 842.0 766.0 815.0 859.0 821.0 800.0 831.0 843.0 815.0 824.0 888.0 870.0 832.0 844.0 907.0 888.0 897.0 833.0 849.0
909.0 790.0 800.0 807.0 839.0 721.0 838.0 871.0 799.0 791.0 870.0 874.0 840.0 790.0 836.0 907.0 870.0 893.0 813.0 811.0
943.0 746.0 816.0 755.0 845.0 767.0 862.0 817.0 833.0 789.0 870.0 932.0 826.0 788.0 804.0 943.0 910.0 873.0 771.0 785.0
919.0 814.0 786.0 813.0 781.0 805.0 810.0 821.0 795.0 809.0 854.0 922.0 838.0 814.0 808.0 913.0 868.0 913.0 799.0 805.0
880.0 763.0 827.0 740.0 794.0 748.0 883.0 810.0 846.0 742.0 817.0 923.0 805.0 807.0 817.0 950.0 871.0 856.0 810.0 832.0
893.0 820.0 826.0 801.0 845.0 837.0 858.0 841.0 811.0 825.0 858.0 888.0 864.0 830.0 806.0 897.0 914.0 875.0 835.0 833.0
854.0 829.0 777.0 752.0 838.0 800.0 855.0 844.0 822.0 770.0 869.0 911.0 839.0 821.0 833.0 928.0 899.0 914.0 780.0 856.0
976.0 843.0 841.0 794.0 854.0 832.0 815.0 812.0 824.0 786.0 827.0 907.0 839.0 811.0 813.0 964.0 919.0 936.0 846.0 818.0
